# JRE version: OpenJDK Runtime Environment (8.0_252-b09) (build 1.8.0_252-b09)
# Java VM: OpenJDK 64-Bit Server VM (25.252-b09 mixed mode linux-amd64 compressed oops)
Heap:
 PSYoungGen      total 433664K, used 29873K [0x00000000e1780000, 0x00000000fff80000, 0x0000000100000000)
  eden space 421888K, 5% used [0x00000000e1780000,0x00000000e2fde850,0x00000000fb380000)
  from space 11776K, 41% used [0x00000000fb380000,0x00000000fb84df80,0x00000000fbf00000)
  to   space 11264K, 0% used [0x00000000ff480000,0x00000000ff480000,0x00000000fff80000)
 ParOldGen       total 102912K, used 23255K [0x00000000a4600000, 0x00000000aaa80000, 0x00000000e1780000)
  object space 102912K, 22% used [0x00000000a4600000,0x00000000a5cb5fe8,0x00000000aaa80000)
 Metaspace       used 63887K, capacity 65874K, committed 66264K, reserved 1107968K
  class space    used 8076K, capacity 8433K, committed 8448K, reserved 1048576K
GC Heap History (32 events):
Event: 0.574 GC heap before
{Heap before GC invocations=1 (full 0):
 PSYoungGen      total 27648K, used 24064K [0x00000000e1780000, 0x00000000e3600000, 0x0000000100000000)
  eden space 24064K, 100% used [0x00000000e1780000,0x00000000e2f00000,0x00000000e2f00000)
  from space 3584K, 0% used [0x00000000e3280000,0x00000000e3280000,0x00000000e3600000)
  to   space 3584K, 0% used [0x00000000e2f00000,0x00000000e2f00000,0x00000000e3280000)
 ParOldGen       total 62976K, used 0K [0x00000000a4600000, 0x00000000a8380000, 0x00000000e1780000)
  object space 62976K, 0% used [0x00000000a4600000,0x00000000a4600000,0x00000000a8380000)
 Metaspace       used 6331K, capacity 6612K, committed 6912K, reserved 1056768K
  class space    used 605K, capacity 692K, committed 768K, reserved 1048576K
Event: 0.584 GC heap after
Heap after GC invocations=1 (full 0):
 PSYoungGen      total 27648K, used 1948K [0x00000000e1780000, 0x00000000e4d80000, 0x0000000100000000)
  eden space 24064K, 0% used [0x00000000e1780000,0x00000000e1780000,0x00000000e2f00000)
  from space 3584K, 54% used [0x00000000e2f00000,0x00000000e30e7110,0x00000000e3280000)
  to   space 3584K, 0% used [0x00000000e4a00000,0x00000000e4a00000,0x00000000e4d80000)
 ParOldGen       total 62976K, used 8K [0x00000000a4600000, 0x00000000a8380000, 0x00000000e1780000)
  object space 62976K, 0% used [0x00000000a4600000,0x00000000a4602000,0x00000000a8380000)
 Metaspace       used 6331K, capacity 6612K, committed 6912K, reserved 1056768K
  class space    used 605K, capacity 692K, committed 768K, reserved 1048576K
}
Event: 0.897 GC heap before
{Heap before GC invocations=2 (full 0):
 PSYoungGen      total 27648K, used 26012K [0x00000000e1780000, 0x00000000e4d80000, 0x0000000100000000)
  eden space 24064K, 100% used [0x00000000e1780000,0x00000000e2f00000,0x00000000e2f00000)
  from space 3584K, 54% used [0x00000000e2f00000,0x00000000e30e7110,0x00000000e3280000)
  to   space 3584K, 0% used [0x00000000e4a00000,0x00000000e4a00000,0x00000000e4d80000)
 ParOldGen       total 62976K, used 8K [0x00000000a4600000, 0x00000000a8380000, 0x00000000e1780000)
  object space 62976K, 0% used [0x00000000a4600000,0x00000000a4602000,0x00000000a8380000)
 Metaspace       used 8147K, capacity 8446K, committed 8704K, reserved 1056768K
  class space    used 817K, capacity 917K, committed 1024K, reserved 1048576K
Event: 0.901 GC heap after
Heap after GC invocations=2 (full 0):
 PSYoungGen      total 51712K, used 2248K [0x00000000e1780000, 0x00000000e4d80000, 0x0000000100000000)
  eden space 48128K, 0% used [0x00000000e1780000,0x00000000e1780000,0x00000000e4680000)
  from space 3584K, 62% used [0x00000000e4a00000,0x00000000e4c320c0,0x00000000e4d80000)
  to   space 3584K, 0% used [0x00000000e4680000,0x00000000e4680000,0x00000000e4a00000)
 ParOldGen       total 62976K, used 16K [0x00000000a4600000, 0x00000000a8380000, 0x00000000e1780000)
  object space 62976K, 0% used [0x00000000a4600000,0x00000000a4604000,0x00000000a8380000)
 Metaspace       used 8147K, capacity 8446K, committed 8704K, reserved 1056768K
  class space    used 817K, capacity 917K, committed 1024K, reserved 1048576K
}
Event: 1.421 GC heap before
{Heap before GC invocations=3 (full 0):
 PSYoungGen      total 51712K, used 50376K [0x00000000e1780000, 0x00000000e4d80000, 0x0000000100000000)
  eden space 48128K, 100% used [0x00000000e1780000,0x00000000e4680000,0x00000000e4680000)
  from space 3584K, 62% used [0x00000000e4a00000,0x00000000e4c320c0,0x00000000e4d80000)
  to   space 3584K, 0% used [0x00000000e4680000,0x00000000e4680000,0x00000000e4a00000)
 ParOldGen       total 62976K, used 16K [0x00000000a4600000, 0x00000000a8380000, 0x00000000e1780000)
  object space 62976K, 0% used [0x00000000a4600000,0x00000000a4604000,0x00000000a8380000)
 Metaspace       used 12010K, capacity 12374K, committed 12416K, reserved 1060864K
  class space    used 1294K, capacity 1407K, committed 1408K, reserved 1048576K
Event: 1.427 GC heap after
Heap after GC invocations=3 (full 0):
 PSYoungGen      total 51712K, used 3360K [0x00000000e1780000, 0x00000000e7c80000, 0x0000000100000000)
  eden space 48128K, 0% used [0x00000000e1780000,0x00000000e1780000,0x00000000e4680000)
  from space 3584K, 93% used [0x00000000e4680000,0x00000000e49c8378,0x00000000e4a00000)
  to   space 3584K, 0% used [0x00000000e7900000,0x00000000e7900000,0x00000000e7c80000)
 ParOldGen       total 62976K, used 24K [0x00000000a4600000, 0x00000000a8380000, 0x00000000e1780000)
  object space 62976K, 0% used [0x00000000a4600000,0x00000000a4606000,0x00000000a8380000)
 Metaspace       used 12010K, capacity 12374K, committed 12416K, reserved 1060864K
  class space    used 1294K, capacity 1407K, committed 1408K, reserved 1048576K
}
Event: 1.579 GC heap before
{Heap before GC invocations=4 (full 0):
 PSYoungGen      total 51712K, used 51488K [0x00000000e1780000, 0x00000000e7c80000, 0x0000000100000000)
  eden space 48128K, 100% used [0x00000000e1780000,0x00000000e4680000,0x00000000e4680000)
  from space 3584K, 93% used [0x00000000e4680000,0x00000000e49c8378,0x00000000e4a00000)
  to   space 3584K, 0% used [0x00000000e7900000,0x00000000e7900000,0x00000000e7c80000)
 ParOldGen       total 62976K, used 24K [0x00000000a4600000, 0x00000000a8380000, 0x00000000e1780000)
  object space 62976K, 0% used [0x00000000a4600000,0x00000000a4606000,0x00000000a8380000)
 Metaspace       used 13283K, capacity 13756K, committed 13952K, reserved 1060864K
  class space    used 1519K, capacity 1662K, committed 1664K, reserved 1048576K
Event: 1.583 GC heap after
Heap after GC invocations=4 (full 0):
 PSYoungGen      total 99840K, used 3572K [0x00000000e1780000, 0x00000000e7c80000, 0x0000000100000000)
  eden space 96256K, 0% used [0x00000000e1780000,0x00000000e1780000,0x00000000e7580000)
  from space 3584K, 99% used [0x00000000e7900000,0x00000000e7c7d3e8,0x00000000e7c80000)
  to   space 3584K, 0% used [0x00000000e7580000,0x00000000e7580000,0x00000000e7900000)
 ParOldGen       total 62976K, used 120K [0x00000000a4600000, 0x00000000a8380000, 0x00000000e1780000)
  object space 62976K, 0% used [0x00000000a4600000,0x00000000a461e000,0x00000000a8380000)
 Metaspace       used 13283K, capacity 13756K, committed 13952K, reserved 1060864K
  class space    used 1519K, capacity 1662K, committed 1664K, reserved 1048576K
}
Event: 1.899 GC heap before
{Heap before GC invocations=5 (full 0):
 PSYoungGen      total 99840K, used 99828K [0x00000000e1780000, 0x00000000e7c80000, 0x0000000100000000)
  eden space 96256K, 100% used [0x00000000e1780000,0x00000000e7580000,0x00000000e7580000)
  from space 3584K, 99% used [0x00000000e7900000,0x00000000e7c7d3e8,0x00000000e7c80000)
  to   space 3584K, 0% used [0x00000000e7580000,0x00000000e7580000,0x00000000e7900000)
 ParOldGen       total 62976K, used 120K [0x00000000a4600000, 0x00000000a8380000, 0x00000000e1780000)
  object space 62976K, 0% used [0x00000000a4600000,0x00000000a461e000,0x00000000a8380000)
 Metaspace       used 16833K, capacity 17340K, committed 17536K, reserved 1064960K
  class space    used 1929K, capacity 2062K, committed 2176K, reserved 1048576K
Event: 1.906 GC heap after
Heap after GC invocations=5 (full 0):
 PSYoungGen      total 99840K, used 3573K [0x00000000e1780000, 0x00000000edd80000, 0x0000000100000000)
  eden space 96256K, 0% used [0x00000000e1780000,0x00000000e1780000,0x00000000e7580000)
  from space 3584K, 99% used [0x00000000e7580000,0x00000000e78fd408,0x00000000e7900000)
  to   space 5120K, 0% used [0x00000000ed880000,0x00000000ed880000,0x00000000edd80000)
 ParOldGen       total 62976K, used 808K [0x00000000a4600000, 0x00000000a8380000, 0x00000000e1780000)
  object space 62976K, 1% used [0x00000000a4600000,0x00000000a46ca000,0x00000000a8380000)
 Metaspace       used 16833K, capacity 17340K, committed 17536K, reserved 1064960K
  class space    used 1929K, capacity 2062K, committed 2176K, reserved 1048576K
}
Event: 2.529 GC heap before
{Heap before GC invocations=6 (full 0):
 PSYoungGen      total 99840K, used 46321K [0x00000000e1780000, 0x00000000edd80000, 0x0000000100000000)
  eden space 96256K, 44% used [0x00000000e1780000,0x00000000e413f3d8,0x00000000e7580000)
  from space 3584K, 99% used [0x00000000e7580000,0x00000000e78fd408,0x00000000e7900000)
  to   space 5120K, 0% used [0x00000000ed880000,0x00000000ed880000,0x00000000edd80000)
 ParOldGen       total 62976K, used 808K [0x00000000a4600000, 0x00000000a8380000, 0x00000000e1780000)
  object space 62976K, 1% used [0x00000000a4600000,0x00000000a46ca000,0x00000000a8380000)
 Metaspace       used 20637K, capacity 21146K, committed 21296K, reserved 1069056K
  class space    used 2426K, capacity 2589K, committed 2688K, reserved 1048576K
Event: 2.536 GC heap after
Heap after GC invocations=6 (full 0):
 PSYoungGen      total 196608K, used 5092K [0x00000000e1780000, 0x00000000edf80000, 0x0000000100000000)
  eden space 191488K, 0% used [0x00000000e1780000,0x00000000e1780000,0x00000000ed280000)
  from space 5120K, 99% used [0x00000000ed880000,0x00000000edd793d8,0x00000000edd80000)
  to   space 6144K, 0% used [0x00000000ed280000,0x00000000ed280000,0x00000000ed880000)
 ParOldGen       total 62976K, used 880K [0x00000000a4600000, 0x00000000a8380000, 0x00000000e1780000)
  object space 62976K, 1% used [0x00000000a4600000,0x00000000a46dc010,0x00000000a8380000)
 Metaspace       used 20637K, capacity 21146K, committed 21296K, reserved 1069056K
  class space    used 2426K, capacity 2589K, committed 2688K, reserved 1048576K
}
Event: 2.536 GC heap before
{Heap before GC invocations=7 (full 1):
 PSYoungGen      total 196608K, used 5092K [0x00000000e1780000, 0x00000000edf80000, 0x0000000100000000)
  eden space 191488K, 0% used [0x00000000e1780000,0x00000000e1780000,0x00000000ed280000)
  from space 5120K, 99% used [0x00000000ed880000,0x00000000edd793d8,0x00000000edd80000)
  to   space 6144K, 0% used [0x00000000ed280000,0x00000000ed280000,0x00000000ed880000)
 ParOldGen       total 62976K, used 880K [0x00000000a4600000, 0x00000000a8380000, 0x00000000e1780000)
  object space 62976K, 1% used [0x00000000a4600000,0x00000000a46dc010,0x00000000a8380000)
 Metaspace       used 20637K, capacity 21146K, committed 21296K, reserved 1069056K
  class space    used 2426K, capacity 2589K, committed 2688K, reserved 1048576K
Event: 2.568 GC heap after
Heap after GC invocations=7 (full 1):
 PSYoungGen      total 196608K, used 0K [0x00000000e1780000, 0x00000000edf80000, 0x0000000100000000)
  eden space 191488K, 0% used [0x00000000e1780000,0x00000000e1780000,0x00000000ed280000)
  from space 5120K, 0% used [0x00000000ed880000,0x00000000ed880000,0x00000000edd80000)
  to   space 6144K, 0% used [0x00000000ed280000,0x00000000ed280000,0x00000000ed880000)
 ParOldGen       total 40960K, used 5576K [0x00000000a4600000, 0x00000000a6e00000, 0x00000000e1780000)
  object space 40960K, 13% used [0x00000000a4600000,0x00000000a4b721a8,0x00000000a6e00000)
 Metaspace       used 20637K, capacity 21146K, committed 21296K, reserved 1069056K
  class space    used 2426K, capacity 2589K, committed 2688K, reserved 1048576K
}
Event: 3.716 GC heap before
{Heap before GC invocations=8 (full 1):
 PSYoungGen      total 196608K, used 191488K [0x00000000e1780000, 0x00000000edf80000, 0x0000000100000000)
  eden space 191488K, 100% used [0x00000000e1780000,0x00000000ed280000,0x00000000ed280000)
  from space 5120K, 0% used [0x00000000ed880000,0x00000000ed880000,0x00000000edd80000)
  to   space 6144K, 0% used [0x00000000ed280000,0x00000000ed280000,0x00000000ed880000)
 ParOldGen       total 40960K, used 5576K [0x00000000a4600000, 0x00000000a6e00000, 0x00000000e1780000)
  object space 40960K, 13% used [0x00000000a4600000,0x00000000a4b721a8,0x00000000a6e00000)
 Metaspace       used 26361K, capacity 27168K, committed 27520K, reserved 1073152K
  class space    used 3181K, capacity 3386K, committed 3456K, reserved 1048576K
Event: 3.727 GC heap after
Heap after GC invocations=8 (full 1):
 PSYoungGen      total 197632K, used 3520K [0x00000000e1780000, 0x00000000f4080000, 0x0000000100000000)
  eden space 191488K, 0% used [0x00000000e1780000,0x00000000e1780000,0x00000000ed280000)
  from space 6144K, 57% used [0x00000000ed280000,0x00000000ed5f0030,0x00000000ed880000)
  to   space 5632K, 0% used [0x00000000f3b00000,0x00000000f3b00000,0x00000000f4080000)
 ParOldGen       total 40960K, used 5584K [0x00000000a4600000, 0x00000000a6e00000, 0x00000000e1780000)
  object space 40960K, 13% used [0x00000000a4600000,0x00000000a4b741a8,0x00000000a6e00000)
 Metaspace       used 26361K, capacity 27168K, committed 27520K, reserved 1073152K
  class space    used 3181K, capacity 3386K, committed 3456K, reserved 1048576K
}
Event: 5.062 GC heap before
{Heap before GC invocations=9 (full 1):
 PSYoungGen      total 197632K, used 195008K [0x00000000e1780000, 0x00000000f4080000, 0x0000000100000000)
  eden space 191488K, 100% used [0x00000000e1780000,0x00000000ed280000,0x00000000ed280000)
  from space 6144K, 57% used [0x00000000ed280000,0x00000000ed5f0030,0x00000000ed880000)
  to   space 5632K, 0% used [0x00000000f3b00000,0x00000000f3b00000,0x00000000f4080000)
 ParOldGen       total 40960K, used 5584K [0x00000000a4600000, 0x00000000a6e00000, 0x00000000e1780000)
  object space 40960K, 13% used [0x00000000a4600000,0x00000000a4b741a8,0x00000000a6e00000)
 Metaspace       used 31407K, capacity 32582K, committed 32768K, reserved 1077248K
  class space    used 3789K, capacity 4035K, committed 4096K, reserved 1048576K
Event: 5.073 GC heap after
Heap after GC invocations=9 (full 1):
 PSYoungGen      total 293376K, used 5620K [0x00000000e1780000, 0x00000000f4180000, 0x0000000100000000)
  eden space 287744K, 0% used [0x00000000e1780000,0x00000000e1780000,0x00000000f3080000)
  from space 5632K, 99% used [0x00000000f3b00000,0x00000000f407d060,0x00000000f4080000)
  to   space 8704K, 0% used [0x00000000f3080000,0x00000000f3080000,0x00000000f3900000)
 ParOldGen       total 40960K, used 10279K [0x00000000a4600000, 0x00000000a6e00000, 0x00000000e1780000)
  object space 40960K, 25% used [0x00000000a4600000,0x00000000a5009f10,0x00000000a6e00000)
 Metaspace       used 31407K, capacity 32582K, committed 32768K, reserved 1077248K
  class space    used 3789K, capacity 4035K, committed 4096K, reserved 1048576K
}
Event: 6.216 GC heap before
{Heap before GC invocations=10 (full 1):
 PSYoungGen      total 293376K, used 285342K [0x00000000e1780000, 0x00000000f4180000, 0x0000000100000000)
  eden space 287744K, 97% used [0x00000000e1780000,0x00000000f28aab20,0x00000000f3080000)
  from space 5632K, 99% used [0x00000000f3b00000,0x00000000f407d060,0x00000000f4080000)
  to   space 8704K, 0% used [0x00000000f3080000,0x00000000f3080000,0x00000000f3900000)
 ParOldGen       total 40960K, used 10279K [0x00000000a4600000, 0x00000000a6e00000, 0x00000000e1780000)
  object space 40960K, 25% used [0x00000000a4600000,0x00000000a5009f10,0x00000000a6e00000)
 Metaspace       used 33975K, capacity 35332K, committed 35456K, reserved 1081344K
  class space    used 4097K, capacity 4376K, committed 4480K, reserved 1048576K
Event: 6.235 GC heap after
Heap after GC invocations=10 (full 1):
 PSYoungGen      total 296448K, used 8678K [0x00000000e1780000, 0x00000000f9c80000, 0x0000000100000000)
  eden space 287744K, 0% used [0x00000000e1780000,0x00000000e1780000,0x00000000f3080000)
  from space 8704K, 99% used [0x00000000f3080000,0x00000000f38f9a80,0x00000000f3900000)
  to   space 10240K, 0% used [0x00000000f9280000,0x00000000f9280000,0x00000000f9c80000)
 ParOldGen       total 40960K, used 10995K [0x00000000a4600000, 0x00000000a6e00000, 0x00000000e1780000)
  object space 40960K, 26% used [0x00000000a4600000,0x00000000a50bcf50,0x00000000a6e00000)
 Metaspace       used 33975K, capacity 35332K, committed 35456K, reserved 1081344K
  class space    used 4097K, capacity 4376K, committed 4480K, reserved 1048576K
}
Event: 6.235 GC heap before
{Heap before GC invocations=11 (full 2):
 PSYoungGen      total 296448K, used 8678K [0x00000000e1780000, 0x00000000f9c80000, 0x0000000100000000)
  eden space 287744K, 0% used [0x00000000e1780000,0x00000000e1780000,0x00000000f3080000)
  from space 8704K, 99% used [0x00000000f3080000,0x00000000f38f9a80,0x00000000f3900000)
  to   space 10240K, 0% used [0x00000000f9280000,0x00000000f9280000,0x00000000f9c80000)
 ParOldGen       total 40960K, used 10995K [0x00000000a4600000, 0x00000000a6e00000, 0x00000000e1780000)
  object space 40960K, 26% used [0x00000000a4600000,0x00000000a50bcf50,0x00000000a6e00000)
 Metaspace       used 33975K, capacity 35332K, committed 35456K, reserved 1081344K
  class space    used 4097K, capacity 4376K, committed 4480K, reserved 1048576K
Event: 6.348 GC heap after
Heap after GC invocations=11 (full 2):
 PSYoungGen      total 296448K, used 0K [0x00000000e1780000, 0x00000000f9c80000, 0x0000000100000000)
  eden space 287744K, 0% used [0x00000000e1780000,0x00000000e1780000,0x00000000f3080000)
  from space 8704K, 0% used [0x00000000f3080000,0x00000000f3080000,0x00000000f3900000)
  to   space 10240K, 0% used [0x00000000f9280000,0x00000000f9280000,0x00000000f9c80000)
 ParOldGen       total 77824K, used 19012K [0x00000000a4600000, 0x00000000a9200000, 0x00000000e1780000)
  object space 77824K, 24% used [0x00000000a4600000,0x00000000a58910c8,0x00000000a9200000)
 Metaspace       used 33975K, capacity 35332K, committed 35456K, reserved 1081344K
  class space    used 4097K, capacity 4376K, committed 4480K, reserved 1048576K
}
Event: 7.223 GC heap before
{Heap before GC invocations=12 (full 2):
 PSYoungGen      total 296448K, used 287744K [0x00000000e1780000, 0x00000000f9c80000, 0x0000000100000000)
  eden space 287744K, 100% used [0x00000000e1780000,0x00000000f3080000,0x00000000f3080000)
  from space 8704K, 0% used [0x00000000f3080000,0x00000000f3080000,0x00000000f3900000)
  to   space 10240K, 0% used [0x00000000f9280000,0x00000000f9280000,0x00000000f9c80000)
 ParOldGen       total 77824K, used 19012K [0x00000000a4600000, 0x00000000a9200000, 0x00000000e1780000)
  object space 77824K, 24% used [0x00000000a4600000,0x00000000a58910c8,0x00000000a9200000)
 Metaspace       used 39028K, capacity 40610K, committed 40832K, reserved 1085440K
  class space    used 4883K, capacity 5197K, committed 5248K, reserved 1048576K
Event: 7.230 GC heap after
Heap after GC invocations=12 (full 2):
 PSYoungGen      total 354304K, used 3174K [0x00000000e1780000, 0x00000000f9600000, 0x0000000100000000)
  eden space 350720K, 0% used [0x00000000e1780000,0x00000000e1780000,0x00000000f6e00000)
  from space 3584K, 88% used [0x00000000f9280000,0x00000000f9599928,0x00000000f9600000)
  to   space 9728K, 0% used [0x00000000f8300000,0x00000000f8300000,0x00000000f8c80000)
 ParOldGen       total 77824K, used 19012K [0x00000000a4600000, 0x00000000a9200000, 0x00000000e1780000)
  object space 77824K, 24% used [0x00000000a4600000,0x00000000a58910c8,0x00000000a9200000)
 Metaspace       used 39028K, capacity 40610K, committed 40832K, reserved 1085440K
  class space    used 4883K, capacity 5197K, committed 5248K, reserved 1048576K
}
Event: 9.308 GC heap before
{Heap before GC invocations=13 (full 2):
 PSYoungGen      total 354304K, used 353894K [0x00000000e1780000, 0x00000000f9600000, 0x0000000100000000)
  eden space 350720K, 100% used [0x00000000e1780000,0x00000000f6e00000,0x00000000f6e00000)
  from space 3584K, 88% used [0x00000000f9280000,0x00000000f9599928,0x00000000f9600000)
  to   space 9728K, 0% used [0x00000000f8300000,0x00000000f8300000,0x00000000f8c80000)
 ParOldGen       total 77824K, used 19012K [0x00000000a4600000, 0x00000000a9200000, 0x00000000e1780000)
  object space 77824K, 24% used [0x00000000a4600000,0x00000000a58910c8,0x00000000a9200000)
 Metaspace       used 54682K, capacity 56434K, committed 57088K, reserved 1099776K
  class space    used 6978K, capacity 7317K, committed 7424K, reserved 1048576K
Event: 9.324 GC heap after
Heap after GC invocations=13 (full 2):
 PSYoungGen      total 381952K, used 9145K [0x00000000e1780000, 0x00000000fca00000, 0x0000000100000000)
  eden space 372224K, 0% used [0x00000000e1780000,0x00000000e1780000,0x00000000f8300000)
  from space 9728K, 94% used [0x00000000f8300000,0x00000000f8bee4a8,0x00000000f8c80000)
  to   space 11264K, 0% used [0x00000000fbf00000,0x00000000fbf00000,0x00000000fca00000)
 ParOldGen       total 77824K, used 19020K [0x00000000a4600000, 0x00000000a9200000, 0x00000000e1780000)
  object space 77824K, 24% used [0x00000000a4600000,0x00000000a58930c8,0x00000000a9200000)
 Metaspace       used 54682K, capacity 56434K, committed 57088K, reserved 1099776K
  class space    used 6978K, capacity 7317K, committed 7424K, reserved 1048576K
}
Event: 10.106 GC heap before
{Heap before GC invocations=14 (full 2):
 PSYoungGen      total 381952K, used 98578K [0x00000000e1780000, 0x00000000fca00000, 0x0000000100000000)
  eden space 372224K, 24% used [0x00000000e1780000,0x00000000e6ed6500,0x00000000f8300000)
  from space 9728K, 94% used [0x00000000f8300000,0x00000000f8bee4a8,0x00000000f8c80000)
  to   space 11264K, 0% used [0x00000000fbf00000,0x00000000fbf00000,0x00000000fca00000)
 ParOldGen       total 77824K, used 19020K [0x00000000a4600000, 0x00000000a9200000, 0x00000000e1780000)
  object space 77824K, 24% used [0x00000000a4600000,0x00000000a58930c8,0x00000000a9200000)
 Metaspace       used 56939K, capacity 58738K, committed 59096K, reserved 1101824K
  class space    used 7290K, capacity 7623K, committed 7680K, reserved 1048576K
Event: 10.141 GC heap after
Heap after GC invocations=14 (full 2):
 PSYoungGen      total 433152K, used 8639K [0x00000000e1780000, 0x0000000100000000, 0x0000000100000000)
  eden space 421888K, 0% used [0x00000000e1780000,0x00000000e1780000,0x00000000fb380000)
  from space 11264K, 76% used [0x00000000fbf00000,0x00000000fc76fdf8,0x00000000fca00000)
  to   space 11776K, 0% used [0x00000000fb380000,0x00000000fb380000,0x00000000fbf00000)
 ParOldGen       total 77824K, used 19028K [0x00000000a4600000, 0x00000000a9200000, 0x00000000e1780000)
  object space 77824K, 24% used [0x00000000a4600000,0x00000000a58950c8,0x00000000a9200000)
 Metaspace       used 56939K, capacity 58738K, committed 59096K, reserved 1101824K
  class space    used 7290K, capacity 7623K, committed 7680K, reserved 1048576K
}
Event: 10.141 GC heap before
{Heap before GC invocations=15 (full 3):
 PSYoungGen      total 433152K, used 8639K [0x00000000e1780000, 0x0000000100000000, 0x0000000100000000)
  eden space 421888K, 0% used [0x00000000e1780000,0x00000000e1780000,0x00000000fb380000)
  from space 11264K, 76% used [0x00000000fbf00000,0x00000000fc76fdf8,0x00000000fca00000)
  to   space 11776K, 0% used [0x00000000fb380000,0x00000000fb380000,0x00000000fbf00000)
 ParOldGen       total 77824K, used 19028K [0x00000000a4600000, 0x00000000a9200000, 0x00000000e1780000)
  object space 77824K, 24% used [0x00000000a4600000,0x00000000a58950c8,0x00000000a9200000)
 Metaspace       used 56939K, capacity 58738K, committed 59096K, reserved 1101824K
  class space    used 7290K, capacity 7623K, committed 7680K, reserved 1048576K
Event: 10.323 GC heap after
Heap after GC invocations=15 (full 3):
 PSYoungGen      total 433152K, used 0K [0x00000000e1780000, 0x0000000100000000, 0x0000000100000000)
  eden space 421888K, 0% used [0x00000000e1780000,0x00000000e1780000,0x00000000fb380000)
  from space 11264K, 0% used [0x00000000fbf00000,0x00000000fbf00000,0x00000000fca00000)
  to   space 11776K, 0% used [0x00000000fb380000,0x00000000fb380000,0x00000000fbf00000)
 ParOldGen       total 102912K, used 23247K [0x00000000a4600000, 0x00000000aaa80000, 0x00000000e1780000)
  object space 102912K, 22% used [0x00000000a4600000,0x00000000a5cb3fe8,0x00000000aaa80000)
 Metaspace       used 56939K, capacity 58738K, committed 59096K, reserved 1101824K
  class space    used 7290K, capacity 7623K, committed 7680K, reserved 1048576K
}
Event: 20.883 GC heap before
{Heap before GC invocations=16 (full 3):
 PSYoungGen      total 433152K, used 421888K [0x00000000e1780000, 0x0000000100000000, 0x0000000100000000)
  eden space 421888K, 100% used [0x00000000e1780000,0x00000000fb380000,0x00000000fb380000)
  from space 11264K, 0% used [0x00000000fbf00000,0x00000000fbf00000,0x00000000fca00000)
  to   space 11776K, 0% used [0x00000000fb380000,0x00000000fb380000,0x00000000fbf00000)
 ParOldGen       total 102912K, used 23247K [0x00000000a4600000, 0x00000000aaa80000, 0x00000000e1780000)
  object space 102912K, 22% used [0x00000000a4600000,0x00000000a5cb3fe8,0x00000000aaa80000)
 Metaspace       used 63778K, capacity 65740K, committed 66264K, reserved 1107968K
  class space    used 8073K, capacity 8432K, committed 8448K, reserved 1048576K
Event: 20.900 GC heap after
Heap after GC invocations=16 (full 3):
 PSYoungGen      total 433664K, used 4919K [0x00000000e1780000, 0x00000000fff80000, 0x0000000100000000)
  eden space 421888K, 0% used [0x00000000e1780000,0x00000000e1780000,0x00000000fb380000)
  from space 11776K, 41% used [0x00000000fb380000,0x00000000fb84df80,0x00000000fbf00000)
  to   space 11264K, 0% used [0x00000000ff480000,0x00000000ff480000,0x00000000fff80000)
 ParOldGen       total 102912K, used 23255K [0x00000000a4600000, 0x00000000aaa80000, 0x00000000e1780000)
  object space 102912K, 22% used [0x00000000a4600000,0x00000000a5cb5fe8,0x00000000aaa80000)
 Metaspace       used 63778K, capacity 65740K, committed 66264K, reserved 1107968K
  class space    used 8073K, capacity 8432K, committed 8448K, reserved 1048576K
}

